Using pre-set license
Built from '2020.3/staging' branch; Version is '2020.3.11f1 (99c7afb366b3) revision 10078127'; Using compiler version '192528614'; Build Type 'Release'
OS: 'Windows 10 Home; OS build 19042.1052; Version 2009; 64bit' Language: 'en' Physical Memory: 32703 MB
BatchMode: 1, IsHumanControllingUs: 0, StartBugReporterOnCrash: 0, Is64bit: 1, IsPro: 0

 COMMAND LINE ARGUMENTS:
D:\2020.3.11f1\Editor\Unity.exe
-adb2
-batchMode
-noUpm
-name
AssetImportWorker0
-projectPath
D:/Documents/Repositories/yule/Yule
-logFile
Logs/AssetImportWorker0.log
-srvPort
54165
Successfully changed project path to: D:/Documents/Repositories/yule/Yule
D:/Documents/Repositories/yule/Yule
Using Asset Import Pipeline V2.
Refreshing native plugins compatible for Editor in 28.29 ms, found 0 plugins.
Preloading 0 native plugins for Editor in 0.00 ms.
Initialize engine version: 2020.3.11f1 (99c7afb366b3)
[Subsystems] Discovering subsystems at path D:/2020.3.11f1/Editor/Data/Resources/UnitySubsystems
[Subsystems] Discovering subsystems at path D:/Documents/Repositories/yule/Yule/Assets
GfxDevice: creating device client; threaded=0
Direct3D:
    Version:  Direct3D 11.0 [level 11.1]
    Renderer: NVIDIA GeForce GTX 1080 (ID=0x1b80)
    Vendor:   
    VRAM:     8079 MB
    Driver:   27.21.14.6627
Initialize mono
Mono path[0] = 'D:/2020.3.11f1/Editor/Data/Managed'
Mono path[1] = 'D:/2020.3.11f1/Editor/Data/MonoBleedingEdge/lib/mono/unityjit'
Mono config path = 'D:/2020.3.11f1/Editor/Data/MonoBleedingEdge/etc'
Using monoOptions --debugger-agent=transport=dt_socket,embedding=1,server=y,suspend=n,address=127.0.0.1:56248
Begin MonoManager ReloadAssembly
Registering precompiled unity dll's ...
Register platform support module: D:/2020.3.11f1/Editor/Data/PlaybackEngines/WindowsStandaloneSupport/UnityEditor.WindowsStandalone.Extensions.dll
Registered in 0.001465 seconds.
Native extension for WindowsStandalone target not found
Refreshing native plugins compatible for Editor in 29.13 ms, found 0 plugins.
Preloading 0 native plugins for Editor in 0.00 ms.
Mono: successfully reloaded assembly
- Completed reload, in  0.926 seconds
Platform modules already initialized, skipping
Registering precompiled user dll's ...
Registered in 0.000831 seconds.
Begin MonoManager ReloadAssembly
Native extension for WindowsStandalone target not found
Refreshing native plugins compatible for Editor in 29.14 ms, found 0 plugins.
Preloading 0 native plugins for Editor in 0.00 ms.
Mono: successfully reloaded assembly
- Completed reload, in  0.668 seconds
Platform modules already initialized, skipping
========================================================================
Worker process is ready to serve import requests
Shader 'Universal Render Pipeline/Particles/Lit': fallback shader 'Universal Render Pipeline/Particles/SimpleLit' not found
Shader 'Universal Render Pipeline/Particles/Lit': fallback shader 'Universal Render Pipeline/Particles/SimpleLit' not found
Launched and connected shader compiler UnityShaderCompiler.exe after 0.03 seconds
Refreshing native plugins compatible for Editor in 0.27 ms, found 0 plugins.
Preloading 0 native plugins for Editor in 0.00 ms.
Unloading 2340 Unused Serialized files (Serialized files now loaded: 0)
System memory in use before: 111.3 MB.
System memory in use after: 108.5 MB.

Unloading 49 unused Assets to reduce memory usage. Loaded Objects now: 2749.
Total: 2.239700 ms (FindLiveObjects: 0.164500 ms CreateObjectMapping: 0.078100 ms MarkObjects: 1.044000 ms  DeleteObjects: 0.952500 ms)

========================================================================
Received Import Request.
  path: Assets/Sprites
  artifactKey: Guid(60b22c90bfe569b4d9c1963c951bf5d5) Importer(815301076,1909f56bfc062723c751e8b465ee728b)
Start importing Assets/Sprites using Guid(60b22c90bfe569b4d9c1963c951bf5d5) Importer(815301076,1909f56bfc062723c751e8b465ee728b)  -> (artifact id: 'dc63d1d5d0244066dd95651f308dcf95') in 0.004737 seconds
  Import took 0.008104 seconds .

========================================================================
Received Import Request.
  Time since last request: 5.797794 seconds.
  path: Assets/Tilemaps
  artifactKey: Guid(7f205f2ea81f6f142b245338d3478b27) Importer(815301076,1909f56bfc062723c751e8b465ee728b)
Start importing Assets/Tilemaps using Guid(7f205f2ea81f6f142b245338d3478b27) Importer(815301076,1909f56bfc062723c751e8b465ee728b)  -> (artifact id: '6176cd7bb37a46d4a85985de409b6de5') in 0.003688 seconds
  Import took 0.007275 seconds .

========================================================================
Received Import Request.
  Time since last request: 5.370318 seconds.
  path: Assets/Tilemaps/grass.png
  artifactKey: Guid(820d39169d93b094091e7ab777fe0a39) Importer(815301076,1909f56bfc062723c751e8b465ee728b)
Start importing Assets/Tilemaps/grass.png using Guid(820d39169d93b094091e7ab777fe0a39) Importer(815301076,1909f56bfc062723c751e8b465ee728b)  -> (artifact id: '32e37565092178db5c497d3810679274') in 0.067659 seconds
  Import took 0.070961 seconds .

========================================================================
Received Import Request.
  Time since last request: 21.006988 seconds.
  path: Assets/Tilemaps/grass.prefab
  artifactKey: Guid(3eb75033f9ee97a4da0bff2b8d79a45d) Importer(815301076,1909f56bfc062723c751e8b465ee728b)
Start importing Assets/Tilemaps/grass.prefab using Guid(3eb75033f9ee97a4da0bff2b8d79a45d) Importer(815301076,1909f56bfc062723c751e8b465ee728b)  -> (artifact id: '65f7753bddfaa5b1ff9b8acc1e73132c') in 0.010214 seconds
  Import took 0.013556 seconds .

========================================================================
Received Import Request.
  Time since last request: 19.418889 seconds.
  path: Assets/Tilemaps/grass.png
  artifactKey: Guid(820d39169d93b094091e7ab777fe0a39) Importer(815301076,1909f56bfc062723c751e8b465ee728b)
Start importing Assets/Tilemaps/grass.png using Guid(820d39169d93b094091e7ab777fe0a39) Importer(815301076,1909f56bfc062723c751e8b465ee728b)  -> (artifact id: 'a72eb964b2f0af1f8fefead4cf361c83') in 0.035492 seconds
  Import took 0.038769 seconds .

========================================================================
Received Import Request.
  Time since last request: 10.938571 seconds.
  path: Assets/Tilemaps/grass.asset
  artifactKey: Guid(b88a0b10b3c8fef48b261bbb30fe7aee) Importer(815301076,1909f56bfc062723c751e8b465ee728b)
Start importing Assets/Tilemaps/grass.asset using Guid(b88a0b10b3c8fef48b261bbb30fe7aee) Importer(815301076,1909f56bfc062723c751e8b465ee728b)  -> (artifact id: '13daa0bf57c233d6e96d7f0a49f3d6bd') in 0.021837 seconds
  Import took 0.043123 seconds .

========================================================================
Received Import Request.
  Time since last request: 0.001378 seconds.
  path: Assets/Tilemaps/grass.prefab
  artifactKey: Guid(3eb75033f9ee97a4da0bff2b8d79a45d) Importer(815301076,1909f56bfc062723c751e8b465ee728b)
Start importing Assets/Tilemaps/grass.prefab using Guid(3eb75033f9ee97a4da0bff2b8d79a45d) Importer(815301076,1909f56bfc062723c751e8b465ee728b)  -> (artifact id: '7aea97a4084a85c4e230dcc4466e47f5') in 0.004286 seconds
  Import took 0.007771 seconds .

========================================================================
Received Import Request.
  Time since last request: 0.006010 seconds.
  path: Assets/Tilemaps/grass.prefab
  artifactKey: Guid(3eb75033f9ee97a4da0bff2b8d79a45d) Importer(815301076,1909f56bfc062723c751e8b465ee728b)
Start importing Assets/Tilemaps/grass.prefab using Guid(3eb75033f9ee97a4da0bff2b8d79a45d) Importer(815301076,1909f56bfc062723c751e8b465ee728b)  -> (artifact id: '7aea97a4084a85c4e230dcc4466e47f5') in 0.003563 seconds
  Import took 0.007102 seconds .

========================================================================
Received Import Request.
  Time since last request: 28.055841 seconds.
  path: Assets/Tilemaps/grass.prefab
  artifactKey: Guid(3eb75033f9ee97a4da0bff2b8d79a45d) Importer(815301076,1909f56bfc062723c751e8b465ee728b)
Start importing Assets/Tilemaps/grass.prefab using Guid(3eb75033f9ee97a4da0bff2b8d79a45d) Importer(815301076,1909f56bfc062723c751e8b465ee728b)  -> (artifact id: '10c87ed782c80196ea64c58b93a80180') in 0.003725 seconds
  Import took 0.007112 seconds .

========================================================================
Received Import Request.
  Time since last request: 2.432897 seconds.
  path: Assets/Tilemaps/grass.prefab
  artifactKey: Guid(3eb75033f9ee97a4da0bff2b8d79a45d) Importer(815301076,1909f56bfc062723c751e8b465ee728b)
Start importing Assets/Tilemaps/grass.prefab using Guid(3eb75033f9ee97a4da0bff2b8d79a45d) Importer(815301076,1909f56bfc062723c751e8b465ee728b)  -> (artifact id: 'd88f4d4163623f54c749920910137fe8') in 0.003135 seconds
  Import took 0.006175 seconds .

========================================================================
Received Import Request.
  Time since last request: 38.540258 seconds.
  path: Assets/Tilemaps/grass.png
  artifactKey: Guid(820d39169d93b094091e7ab777fe0a39) Importer(815301076,1909f56bfc062723c751e8b465ee728b)
Start importing Assets/Tilemaps/grass.png using Guid(820d39169d93b094091e7ab777fe0a39) Importer(815301076,1909f56bfc062723c751e8b465ee728b)  -> (artifact id: 'f003752d49980e1a54a8f08e840787f8') in 0.011165 seconds
  Import took 0.013827 seconds .

========================================================================
Received Import Request.
  Time since last request: 7.219298 seconds.
  path: Assets/Tilemaps/grass.png
  artifactKey: Guid(820d39169d93b094091e7ab777fe0a39) Importer(815301076,1909f56bfc062723c751e8b465ee728b)
Start importing Assets/Tilemaps/grass.png using Guid(820d39169d93b094091e7ab777fe0a39) Importer(815301076,1909f56bfc062723c751e8b465ee728b)  -> (artifact id: '2261391f133e96207b0e7368483da4a8') in 0.010438 seconds
  Import took 0.013211 seconds .

========================================================================
Received Import Request.
  Time since last request: 9.559712 seconds.
  path: Assets/Tilemaps/grass.png
  artifactKey: Guid(820d39169d93b094091e7ab777fe0a39) Importer(815301076,1909f56bfc062723c751e8b465ee728b)
Start importing Assets/Tilemaps/grass.png using Guid(820d39169d93b094091e7ab777fe0a39) Importer(815301076,1909f56bfc062723c751e8b465ee728b)  -> (artifact id: 'e3d108050bb92aaf31da6bf41d5d1ed0') in 0.010510 seconds
  Import took 0.013553 seconds .

========================================================================
Received Import Request.
  Time since last request: 103.871733 seconds.
  path: Assets/Tilemaps/grass.png
  artifactKey: Guid(820d39169d93b094091e7ab777fe0a39) Importer(815301076,1909f56bfc062723c751e8b465ee728b)
Start importing Assets/Tilemaps/grass.png using Guid(820d39169d93b094091e7ab777fe0a39) Importer(815301076,1909f56bfc062723c751e8b465ee728b)  -> (artifact id: '0a619bb9f9eddf8c708e83b3f83abc4f') in 0.011066 seconds
  Import took 0.014714 seconds .

========================================================================
Received Prepare
Registering precompiled user dll's ...
Registered in 0.000780 seconds.
Begin MonoManager ReloadAssembly
Native extension for WindowsStandalone target not found
Refreshing native plugins compatible for Editor in 0.27 ms, found 0 plugins.
Preloading 0 native plugins for Editor in 0.00 ms.
Mono: successfully reloaded assembly
- Completed reload, in  0.597 seconds
Platform modules already initialized, skipping
Shader 'Universal Render Pipeline/Particles/Lit': fallback shader 'Universal Render Pipeline/Particles/SimpleLit' not found
Shader 'Universal Render Pipeline/Particles/Lit': fallback shader 'Universal Render Pipeline/Particles/SimpleLit' not found
Refreshing native plugins compatible for Editor in 0.27 ms, found 0 plugins.
Preloading 0 native plugins for Editor in 0.00 ms.
Unloading 2267 Unused Serialized files (Serialized files now loaded: 0)
System memory in use before: 110.9 MB.
System memory in use after: 108.2 MB.

Unloading 40 unused Assets to reduce memory usage. Loaded Objects now: 2759.
Total: 2.309900 ms (FindLiveObjects: 0.186500 ms CreateObjectMapping: 0.085400 ms MarkObjects: 1.068500 ms  DeleteObjects: 0.968600 ms)

========================================================================
Received Prepare
Registering precompiled user dll's ...
Registered in 0.000918 seconds.
Begin MonoManager ReloadAssembly
Native extension for WindowsStandalone target not found
Refreshing native plugins compatible for Editor in 0.47 ms, found 0 plugins.
Preloading 0 native plugins for Editor in 0.00 ms.
Mono: successfully reloaded assembly
- Completed reload, in  0.716 seconds
Platform modules already initialized, skipping
Shader 'Universal Render Pipeline/Particles/Lit': fallback shader 'Universal Render Pipeline/Particles/SimpleLit' not found
Shader 'Universal Render Pipeline/Particles/Lit': fallback shader 'Universal Render Pipeline/Particles/SimpleLit' not found
Refreshing native plugins compatible for Editor in 0.30 ms, found 0 plugins.
Preloading 0 native plugins for Editor in 0.00 ms.
Unloading 2267 Unused Serialized files (Serialized files now loaded: 0)
System memory in use before: 110.9 MB.
System memory in use after: 108.2 MB.

Unloading 40 unused Assets to reduce memory usage. Loaded Objects now: 2761.
Total: 2.841000 ms (FindLiveObjects: 0.277900 ms CreateObjectMapping: 0.141600 ms MarkObjects: 1.273700 ms  DeleteObjects: 1.146800 ms)

========================================================================
Received Prepare
Registering precompiled user dll's ...
Registered in 0.000827 seconds.
Begin MonoManager ReloadAssembly
Native extension for WindowsStandalone target not found
Refreshing native plugins compatible for Editor in 0.28 ms, found 0 plugins.
Preloading 0 native plugins for Editor in 0.00 ms.
Mono: successfully reloaded assembly
- Completed reload, in  0.592 seconds
Platform modules already initialized, skipping
Shader 'Universal Render Pipeline/Particles/Lit': fallback shader 'Universal Render Pipeline/Particles/SimpleLit' not found
Shader 'Universal Render Pipeline/Particles/Lit': fallback shader 'Universal Render Pipeline/Particles/SimpleLit' not found
Refreshing native plugins compatible for Editor in 0.27 ms, found 0 plugins.
Preloading 0 native plugins for Editor in 0.00 ms.
Unloading 2266 Unused Serialized files (Serialized files now loaded: 0)
System memory in use before: 110.9 MB.
System memory in use after: 108.2 MB.

Unloading 41 unused Assets to reduce memory usage. Loaded Objects now: 2762.
Total: 2.393800 ms (FindLiveObjects: 0.180100 ms CreateObjectMapping: 0.077600 ms MarkObjects: 1.067800 ms  DeleteObjects: 1.067700 ms)

========================================================================
Received Prepare
Registering precompiled user dll's ...
Registered in 0.000837 seconds.
Begin MonoManager ReloadAssembly
Native extension for WindowsStandalone target not found
Refreshing native plugins compatible for Editor in 0.28 ms, found 0 plugins.
Preloading 0 native plugins for Editor in 0.00 ms.
Mono: successfully reloaded assembly
- Completed reload, in  0.658 seconds
Platform modules already initialized, skipping
Shader 'Universal Render Pipeline/Particles/Lit': fallback shader 'Universal Render Pipeline/Particles/SimpleLit' not found
Shader 'Universal Render Pipeline/Particles/Lit': fallback shader 'Universal Render Pipeline/Particles/SimpleLit' not found
Refreshing native plugins compatible for Editor in 0.28 ms, found 0 plugins.
Preloading 0 native plugins for Editor in 0.00 ms.
Unloading 2266 Unused Serialized files (Serialized files now loaded: 0)
System memory in use before: 110.9 MB.
System memory in use after: 108.2 MB.

Unloading 40 unused Assets to reduce memory usage. Loaded Objects now: 2764.
Total: 2.646900 ms (FindLiveObjects: 0.174400 ms CreateObjectMapping: 0.078100 ms MarkObjects: 1.236600 ms  DeleteObjects: 1.156700 ms)

========================================================================
Received Prepare
Registering precompiled user dll's ...
Registered in 0.000861 seconds.
Begin MonoManager ReloadAssembly
Native extension for WindowsStandalone target not found
Refreshing native plugins compatible for Editor in 0.32 ms, found 0 plugins.
Preloading 0 native plugins for Editor in 0.00 ms.
Mono: successfully reloaded assembly
- Completed reload, in  0.672 seconds
Platform modules already initialized, skipping
Shader 'Universal Render Pipeline/Particles/Lit': fallback shader 'Universal Render Pipeline/Particles/SimpleLit' not found
Shader 'Universal Render Pipeline/Particles/Lit': fallback shader 'Universal Render Pipeline/Particles/SimpleLit' not found
Refreshing native plugins compatible for Editor in 0.29 ms, found 0 plugins.
Preloading 0 native plugins for Editor in 0.00 ms.
Unloading 2266 Unused Serialized files (Serialized files now loaded: 0)
System memory in use before: 110.9 MB.
System memory in use after: 108.1 MB.

Unloading 40 unused Assets to reduce memory usage. Loaded Objects now: 2766.
Total: 3.569600 ms (FindLiveObjects: 0.210000 ms CreateObjectMapping: 0.121700 ms MarkObjects: 1.954000 ms  DeleteObjects: 1.282300 ms)

========================================================================
Received Prepare
Registering precompiled user dll's ...
Registered in 0.000846 seconds.
Begin MonoManager ReloadAssembly
Native extension for WindowsStandalone target not found
Refreshing native plugins compatible for Editor in 0.27 ms, found 0 plugins.
Preloading 0 native plugins for Editor in 0.00 ms.
Mono: successfully reloaded assembly
- Completed reload, in  0.576 seconds
Platform modules already initialized, skipping
Shader 'Universal Render Pipeline/Particles/Lit': fallback shader 'Universal Render Pipeline/Particles/SimpleLit' not found
Shader 'Universal Render Pipeline/Particles/Lit': fallback shader 'Universal Render Pipeline/Particles/SimpleLit' not found
Refreshing native plugins compatible for Editor in 0.27 ms, found 0 plugins.
Preloading 0 native plugins for Editor in 0.00 ms.
Unloading 2266 Unused Serialized files (Serialized files now loaded: 0)
System memory in use before: 111.0 MB.
System memory in use after: 108.2 MB.

Unloading 40 unused Assets to reduce memory usage. Loaded Objects now: 2768.
Total: 2.384200 ms (FindLiveObjects: 0.161600 ms CreateObjectMapping: 0.076700 ms MarkObjects: 1.046600 ms  DeleteObjects: 1.098700 ms)

AssetImportWorkerClient::OnTransportError - code=2 error=End of file
